<?xml version="1.0" encoding="UTF-8"?>
<testng-results ignored="0" total="1" passed="1" failed="0" skipped="0">
  <reporter-output>
  </reporter-output>
  <suite started-at="2023-06-22T18:42:36 CEST" name="Surefire suite" finished-at="2023-06-22T18:42:36 CEST" duration-ms="73">
    <groups>
    </groups>
    <test started-at="2023-06-22T18:42:36 CEST" name="Surefire test" finished-at="2023-06-22T18:42:36 CEST" duration-ms="73">
      <class name="com.example.test.AppTest">
        <test-method signature="testAdd()" started-at="2023-06-22T18:42:36 CEST" name="testAdd" finished-at="2023-06-22T18:42:36 CEST" duration-ms="19" status="PASS">
          <reporter-output>
          </reporter-output>
        </test-method> <!-- testAdd -->
      </class> <!-- com.example.test.AppTest -->
    </test> <!-- Surefire test -->
  </suite> <!-- Surefire suite -->
</testng-results>
